Device: cuda
Data: ['/root/autodl-tmp/calvin-lerobot/splitB_v30']
Output: /root/autodl-tmp/hw3_outputs/model_b
WARNING:lerobot.configs.policies:Device 'None' is not available. Switching to 'cuda'.
FPS: 10
  /root/autodl-tmp/calvin-lerobot/splitB_v30: 367096 frames
Total: 367096 frames
Params: 51,566,471
2026-06-09 13:48:24.839 | ERROR    | swanlab.sdk.internal.pkg.safe:block:101 - 
Error executing 'on_run_initialized' in callback 'SwanLabLocalCallbacker': 
dispatcher:65 -> on_run_initialized:346 -> ImportError: Please install swanboard
to use 'local' mode: pip install 'swanlab[dashboard]'
swanlab: Tracking run with swanlab version 0.8.1
swanlab: 💾 Run data saved at swanlog/run-20260609_134824-4of1kyh9
swanlab: 🌟 Run `swanlab watch swanlog` to view SwanLab Experiment Dashboard

Training 15000 steps

Step    100 | Loss: 10.9274 | L1: 0.3621 | KL: 1.0565
Step    200 | Loss: 2.2087 | L1: 0.2826 | KL: 0.1926
Step    300 | Loss: 1.7058 | L1: 0.2710 | KL: 0.1435
Step    400 | Loss: 1.3313 | L1: 0.2317 | KL: 0.1100
Step    500 | Loss: 1.0533 | L1: 0.2218 | KL: 0.0832
Step    600 | Loss: 0.8556 | L1: 0.2216 | KL: 0.0634
Step    700 | Loss: 0.7133 | L1: 0.2179 | KL: 0.0495
Step    800 | Loss: 0.6038 | L1: 0.2151 | KL: 0.0389
Step    900 | Loss: 0.5218 | L1: 0.2068 | KL: 0.0315
Step   1000 | Loss: 0.4733 | L1: 0.2077 | KL: 0.0266
Step   1100 | Loss: 0.4299 | L1: 0.2067 | KL: 0.0223
Step   1200 | Loss: 0.4037 | L1: 0.2071 | KL: 0.0197
Step   1300 | Loss: 0.3798 | L1: 0.2042 | KL: 0.0176
Step   1400 | Loss: 0.3564 | L1: 0.2031 | KL: 0.0153
Step   1500 | Loss: 0.3443 | L1: 0.2030 | KL: 0.0141
Step   1600 | Loss: 0.3327 | L1: 0.2038 | KL: 0.0129
Step   1700 | Loss: 0.3205 | L1: 0.1993 | KL: 0.0121
Step   1800 | Loss: 0.3165 | L1: 0.2030 | KL: 0.0114
Step   1900 | Loss: 0.3051 | L1: 0.1986 | KL: 0.0107
Step   2000 | Loss: 0.2947 | L1: 0.1939 | KL: 0.0101
Step   2100 | Loss: 0.2936 | L1: 0.1983 | KL: 0.0095
Step   2200 | Loss: 0.2899 | L1: 0.2020 | KL: 0.0088
Step   2300 | Loss: 0.2854 | L1: 0.1994 | KL: 0.0086
Step   2400 | Loss: 0.2782 | L1: 0.1976 | KL: 0.0081
Step   2500 | Loss: 0.2704 | L1: 0.1962 | KL: 0.0074
Step   2600 | Loss: 0.2675 | L1: 0.1948 | KL: 0.0073
Step   2700 | Loss: 0.2611 | L1: 0.1898 | KL: 0.0071
Step   2800 | Loss: 0.2606 | L1: 0.1931 | KL: 0.0068
Step   2900 | Loss: 0.2544 | L1: 0.1909 | KL: 0.0063
Step   3000 | Loss: 0.2505 | L1: 0.1915 | KL: 0.0059
Step   3100 | Loss: 0.2566 | L1: 0.1971 | KL: 0.0059
Step   3200 | Loss: 0.2500 | L1: 0.1929 | KL: 0.0057
Step   3300 | Loss: 0.2461 | L1: 0.1930 | KL: 0.0053
Step   3400 | Loss: 0.2450 | L1: 0.1921 | KL: 0.0053
Step   3500 | Loss: 0.2424 | L1: 0.1922 | KL: 0.0050
Step   3600 | Loss: 0.2373 | L1: 0.1897 | KL: 0.0048
Step   3700 | Loss: 0.2354 | L1: 0.1893 | KL: 0.0046
Step   3800 | Loss: 0.2332 | L1: 0.1889 | KL: 0.0044
Step   3900 | Loss: 0.2307 | L1: 0.1888 | KL: 0.0042
Step   4000 | Loss: 0.2308 | L1: 0.1916 | KL: 0.0039
Step   4100 | Loss: 0.2295 | L1: 0.1911 | KL: 0.0038
Step   4200 | Loss: 0.2302 | L1: 0.1917 | KL: 0.0038
Step   4300 | Loss: 0.2203 | L1: 0.1846 | KL: 0.0036
Step   4400 | Loss: 0.2225 | L1: 0.1871 | KL: 0.0035
Step   4500 | Loss: 0.2210 | L1: 0.1873 | KL: 0.0034
Step   4600 | Loss: 0.2214 | L1: 0.1894 | KL: 0.0032
Step   4700 | Loss: 0.2205 | L1: 0.1884 | KL: 0.0032
Step   4800 | Loss: 0.2166 | L1: 0.1864 | KL: 0.0030
Step   4900 | Loss: 0.2152 | L1: 0.1868 | KL: 0.0028
Step   5000 | Loss: 0.2124 | L1: 0.1846 | KL: 0.0028
Step   5100 | Loss: 0.2175 | L1: 0.1912 | KL: 0.0026
Step   5200 | Loss: 0.2110 | L1: 0.1859 | KL: 0.0025
Step   5300 | Loss: 0.2085 | L1: 0.1842 | KL: 0.0024
Step   5400 | Loss: 0.2083 | L1: 0.1850 | KL: 0.0023
Step   5500 | Loss: 0.2067 | L1: 0.1841 | KL: 0.0023
Step   5600 | Loss: 0.2115 | L1: 0.1897 | KL: 0.0022
Step   5700 | Loss: 0.2082 | L1: 0.1872 | KL: 0.0021
Step   5800 | Loss: 0.2075 | L1: 0.1874 | KL: 0.0020
Step   5900 | Loss: 0.2032 | L1: 0.1838 | KL: 0.0019
Step   6000 | Loss: 0.2035 | L1: 0.1854 | KL: 0.0018
Step   6100 | Loss: 0.2021 | L1: 0.1838 | KL: 0.0018
Step   6200 | Loss: 0.2010 | L1: 0.1838 | KL: 0.0017
Step   6300 | Loss: 0.2031 | L1: 0.1862 | KL: 0.0017
Step   6400 | Loss: 0.1974 | L1: 0.1819 | KL: 0.0016
Step   6500 | Loss: 0.1989 | L1: 0.1834 | KL: 0.0015
Step   6600 | Loss: 0.1989 | L1: 0.1845 | KL: 0.0014
Step   6700 | Loss: 0.1971 | L1: 0.1832 | KL: 0.0014
Step   6800 | Loss: 0.1983 | L1: 0.1849 | KL: 0.0013
Step   6900 | Loss: 0.1972 | L1: 0.1840 | KL: 0.0013
Step   7000 | Loss: 0.2007 | L1: 0.1881 | KL: 0.0013
Step   7100 | Loss: 0.2001 | L1: 0.1882 | KL: 0.0012
Step   7200 | Loss: 0.1957 | L1: 0.1845 | KL: 0.0011
Step   7300 | Loss: 0.1934 | L1: 0.1824 | KL: 0.0011
Step   7400 | Loss: 0.1943 | L1: 0.1833 | KL: 0.0011
Step   7500 | Loss: 0.1938 | L1: 0.1833 | KL: 0.0010
Step   7600 | Loss: 0.1945 | L1: 0.1849 | KL: 0.0010
Step   7700 | Loss: 0.1911 | L1: 0.1817 | KL: 0.0009
Step   7800 | Loss: 0.1920 | L1: 0.1830 | KL: 0.0009
Step   7900 | Loss: 0.1908 | L1: 0.1821 | KL: 0.0009
Step   8000 | Loss: 0.1923 | L1: 0.1836 | KL: 0.0009
Step   8100 | Loss: 0.1912 | L1: 0.1831 | KL: 0.0008
Step   8200 | Loss: 0.1889 | L1: 0.1810 | KL: 0.0008
Step   8300 | Loss: 0.1914 | L1: 0.1840 | KL: 0.0007
Step   8400 | Loss: 0.1931 | L1: 0.1858 | KL: 0.0007
Step   8500 | Loss: nan | L1: nan | KL: 0.0007
Step   8600 | Loss: nan | L1: nan | KL: 0.0007
Step   8700 | Loss: nan | L1: nan | KL: 0.0007
Step   8800 | Loss: nan | L1: nan | KL: 0.0007
Step   8900 | Loss: nan | L1: nan | KL: 0.0007
Step   9000 | Loss: nan | L1: nan | KL: 0.0007
Step   9100 | Loss: nan | L1: nan | KL: 0.0007
Step   9200 | Loss: nan | L1: nan | KL: 0.0007
Step   9300 | Loss: nan | L1: nan | KL: 0.0007
Step   9400 | Loss: nan | L1: nan | KL: 0.0007
Step   9500 | Loss: nan | L1: nan | KL: 0.0007
Step   9600 | Loss: nan | L1: nan | KL: 0.0007
Step   9700 | Loss: nan | L1: nan | KL: 0.0007
Step   9800 | Loss: nan | L1: nan | KL: 0.0007
Step   9900 | Loss: nan | L1: nan | KL: 0.0007
Step  10000 | Loss: nan | L1: nan | KL: 0.0007
Step  10100 | Loss: nan | L1: nan | KL: 0.0007
Step  10200 | Loss: nan | L1: nan | KL: 0.0007
Step  10300 | Loss: nan | L1: nan | KL: 0.0007
Step  10400 | Loss: nan | L1: nan | KL: 0.0007
Step  10500 | Loss: nan | L1: nan | KL: 0.0007
Step  10600 | Loss: nan | L1: nan | KL: 0.0007
Step  10700 | Loss: nan | L1: nan | KL: 0.0007
Step  10800 | Loss: nan | L1: nan | KL: 0.0007
Step  10900 | Loss: nan | L1: nan | KL: 0.0007
Step  11000 | Loss: nan | L1: nan | KL: 0.0007
Step  11100 | Loss: nan | L1: nan | KL: 0.0007
Step  11200 | Loss: nan | L1: nan | KL: 0.0007
Step  11300 | Loss: nan | L1: nan | KL: 0.0007
Step  11400 | Loss: nan | L1: nan | KL: 0.0007
Step  11500 | Loss: nan | L1: nan | KL: 0.0007
Step  11600 | Loss: nan | L1: nan | KL: 0.0007
Step  11700 | Loss: nan | L1: nan | KL: 0.0007
Step  11800 | Loss: nan | L1: nan | KL: 0.0007
Step  11900 | Loss: nan | L1: nan | KL: 0.0007
Step  12000 | Loss: nan | L1: nan | KL: 0.0007
Step  12100 | Loss: nan | L1: nan | KL: 0.0007
Step  12200 | Loss: nan | L1: nan | KL: 0.0007
Step  12300 | Loss: nan | L1: nan | KL: 0.0007
Step  12400 | Loss: nan | L1: nan | KL: 0.0007
Step  12500 | Loss: nan | L1: nan | KL: 0.0007
Step  12600 | Loss: nan | L1: nan | KL: 0.0007
Step  12700 | Loss: nan | L1: nan | KL: 0.0007
Step  12800 | Loss: nan | L1: nan | KL: 0.0007
Step  12900 | Loss: nan | L1: nan | KL: 0.0007
Step  13000 | Loss: nan | L1: nan | KL: 0.0007
Step  13100 | Loss: nan | L1: nan | KL: 0.0007
Step  13200 | Loss: nan | L1: nan | KL: 0.0007
Step  13300 | Loss: nan | L1: nan | KL: 0.0007
Step  13400 | Loss: nan | L1: nan | KL: 0.0007
Step  13500 | Loss: nan | L1: nan | KL: 0.0007
Step  13600 | Loss: nan | L1: nan | KL: 0.0007
Step  13700 | Loss: nan | L1: nan | KL: 0.0007
Step  13800 | Loss: nan | L1: nan | KL: 0.0007
Step  13900 | Loss: nan | L1: nan | KL: 0.0007
Step  14000 | Loss: nan | L1: nan | KL: 0.0007
Step  14100 | Loss: nan | L1: nan | KL: 0.0007
Step  14200 | Loss: nan | L1: nan | KL: 0.0007
Step  14300 | Loss: nan | L1: nan | KL: 0.0007
Step  14400 | Loss: nan | L1: nan | KL: 0.0007
Step  14500 | Loss: nan | L1: nan | KL: 0.0007
Step  14600 | Loss: nan | L1: nan | KL: 0.0007
Step  14700 | Loss: nan | L1: nan | KL: 0.0007
Step  14800 | Loss: nan | L1: nan | KL: 0.0007
