Device: cuda
Data: ['/root/autodl-tmp/calvin-lerobot/splitA_v30', '/root/autodl-tmp/calvin-lerobot/splitB_v30', '/root/autodl-tmp/calvin-lerobot/splitC_v30']
Output: /root/autodl-tmp/hw3_outputs/model_abc
WARNING:lerobot.configs.policies:Device 'None' is not available. Switching to 'cuda'.
FPS: 10
  /root/autodl-tmp/calvin-lerobot/splitA_v30: 366693 frames
  /root/autodl-tmp/calvin-lerobot/splitB_v30: 367096 frames
  /root/autodl-tmp/calvin-lerobot/splitC_v30: 337954 frames
Total: 1071743 frames
Params: 51,566,471
2026-06-09 13:50:09.673 | ERROR    | swanlab.sdk.internal.pkg.safe:block:101 - 
Error executing 'on_run_initialized' in callback 'SwanLabLocalCallbacker': 
dispatcher:65 -> on_run_initialized:346 -> ImportError: Please install swanboard
to use 'local' mode: pip install 'swanlab[dashboard]'
swanlab: Tracking run with swanlab version 0.8.1
swanlab: 💾 Run data saved at swanlog/run-20260609_135009-cjmcd208
swanlab: 🌟 Run `swanlab watch swanlog` to view SwanLab Experiment Dashboard

Training 15000 steps

Step    100 | Loss: 10.7678 | L1: 0.3662 | KL: 1.0402
Step    200 | Loss: 2.1915 | L1: 0.2882 | KL: 0.1903
Step    300 | Loss: 1.6977 | L1: 0.2763 | KL: 0.1421
Step    400 | Loss: 1.3429 | L1: 0.2483 | KL: 0.1095
Step    500 | Loss: 1.0559 | L1: 0.2341 | KL: 0.0822
Step    600 | Loss: 0.8469 | L1: 0.2192 | KL: 0.0628
Step    700 | Loss: 0.7021 | L1: 0.2159 | KL: 0.0486
Step    800 | Loss: 0.5958 | L1: 0.2101 | KL: 0.0386
Step    900 | Loss: 0.5207 | L1: 0.2092 | KL: 0.0311
Step   1000 | Loss: 0.4677 | L1: 0.2073 | KL: 0.0260
Step   1100 | Loss: 0.4267 | L1: 0.2046 | KL: 0.0222
Step   1200 | Loss: 0.3975 | L1: 0.2029 | KL: 0.0195
Step   1300 | Loss: 0.3767 | L1: 0.2029 | KL: 0.0174
Step   1400 | Loss: 0.3552 | L1: 0.2038 | KL: 0.0151
Step   1500 | Loss: 0.3419 | L1: 0.2004 | KL: 0.0141
Step   1600 | Loss: 0.3226 | L1: 0.1963 | KL: 0.0126
Step   1700 | Loss: 0.3174 | L1: 0.1969 | KL: 0.0121
Step   1800 | Loss: 0.3102 | L1: 0.1982 | KL: 0.0112
Step   1900 | Loss: 0.3011 | L1: 0.1952 | KL: 0.0106
Step   2000 | Loss: 0.2921 | L1: 0.1933 | KL: 0.0099
Step   2100 | Loss: 0.2873 | L1: 0.1946 | KL: 0.0093
Step   2200 | Loss: 0.2794 | L1: 0.1916 | KL: 0.0088
Step   2300 | Loss: 0.2825 | L1: 0.1972 | KL: 0.0085
Step   2400 | Loss: 0.2734 | L1: 0.1927 | KL: 0.0081
Step   2500 | Loss: 0.2634 | L1: 0.1897 | KL: 0.0074
Step   2600 | Loss: 0.2596 | L1: 0.1881 | KL: 0.0071
Step   2700 | Loss: 0.2574 | L1: 0.1886 | KL: 0.0069
Step   2800 | Loss: 0.2604 | L1: 0.1942 | KL: 0.0066
Step   2900 | Loss: 0.2499 | L1: 0.1874 | KL: 0.0062
Step   3000 | Loss: 0.2463 | L1: 0.1880 | KL: 0.0058
Step   3100 | Loss: 0.2483 | L1: 0.1903 | KL: 0.0058
Step   3200 | Loss: 0.2458 | L1: 0.1898 | KL: 0.0056
Step   3300 | Loss: 0.2396 | L1: 0.1875 | KL: 0.0052
Step   3400 | Loss: 0.2366 | L1: 0.1861 | KL: 0.0050
Step   3500 | Loss: 0.2364 | L1: 0.1873 | KL: 0.0049
Step   3600 | Loss: 0.2349 | L1: 0.1873 | KL: 0.0048
Step   3700 | Loss: 0.2304 | L1: 0.1854 | KL: 0.0045
Step   3800 | Loss: 0.2278 | L1: 0.1851 | KL: 0.0043
Step   3900 | Loss: 0.2299 | L1: 0.1890 | KL: 0.0041
Step   4000 | Loss: 0.2270 | L1: 0.1891 | KL: 0.0038
Step   4100 | Loss: 0.2269 | L1: 0.1896 | KL: 0.0037
Step   4200 | Loss: 0.2234 | L1: 0.1856 | KL: 0.0038
Step   4300 | Loss: 0.2203 | L1: 0.1850 | KL: 0.0035
Step   4400 | Loss: 0.2180 | L1: 0.1835 | KL: 0.0035
Step   4500 | Loss: 0.2190 | L1: 0.1850 | KL: 0.0034
Step   4600 | Loss: 0.2166 | L1: 0.1854 | KL: 0.0031
Step   4700 | Loss: 0.2157 | L1: 0.1843 | KL: 0.0031
Step   4800 | Loss: 0.2098 | L1: 0.1802 | KL: 0.0030
Step   4900 | Loss: 0.2129 | L1: 0.1855 | KL: 0.0027
Step   5000 | Loss: 0.2115 | L1: 0.1841 | KL: 0.0027
Step   5100 | Loss: 0.2111 | L1: 0.1854 | KL: 0.0026
Step   5200 | Loss: 0.2084 | L1: 0.1842 | KL: 0.0024
Step   5300 | Loss: 0.2074 | L1: 0.1834 | KL: 0.0024
Step   5400 | Loss: 0.2051 | L1: 0.1818 | KL: 0.0023
Step   5500 | Loss: 0.2035 | L1: 0.1812 | KL: 0.0022
Step   5600 | Loss: 0.2016 | L1: 0.1793 | KL: 0.0022
Step   5700 | Loss: 0.2054 | L1: 0.1844 | KL: 0.0021
Step   5800 | Loss: 0.2020 | L1: 0.1820 | KL: 0.0020
Step   5900 | Loss: 0.2011 | L1: 0.1819 | KL: 0.0019
Step   6000 | Loss: 0.2004 | L1: 0.1826 | KL: 0.0018
Step   6100 | Loss: 0.1973 | L1: 0.1795 | KL: 0.0018
Step   6200 | Loss: 0.1960 | L1: 0.1795 | KL: 0.0017
Step   6300 | Loss: 0.1995 | L1: 0.1834 | KL: 0.0016
Step   6400 | Loss: 0.1948 | L1: 0.1794 | KL: 0.0015
Step   6500 | Loss: 0.1934 | L1: 0.1786 | KL: 0.0015
Step   6600 | Loss: 0.1968 | L1: 0.1828 | KL: 0.0014
Step   6700 | Loss: 0.1929 | L1: 0.1793 | KL: 0.0014
Step   6800 | Loss: 0.1946 | L1: 0.1814 | KL: 0.0013
Step   6900 | Loss: 0.1961 | L1: 0.1833 | KL: 0.0013
Step   7000 | Loss: 0.1915 | L1: 0.1792 | KL: 0.0012
Step   7100 | Loss: 0.1908 | L1: 0.1789 | KL: 0.0012
Step   7200 | Loss: 0.1913 | L1: 0.1799 | KL: 0.0011
Step   7300 | Loss: 0.1916 | L1: 0.1806 | KL: 0.0011
Step   7400 | Loss: 0.1932 | L1: 0.1827 | KL: 0.0010
Step   7500 | Loss: 0.1871 | L1: 0.1771 | KL: 0.0010
Step   7600 | Loss: 0.1870 | L1: 0.1778 | KL: 0.0009
Step   7700 | Loss: 0.1848 | L1: 0.1754 | KL: 0.0009
Step   7800 | Loss: 0.1865 | L1: 0.1775 | KL: 0.0009
Step   7900 | Loss: 0.1868 | L1: 0.1776 | KL: 0.0009
Step   8000 | Loss: 0.1857 | L1: 0.1773 | KL: 0.0008
Step   8100 | Loss: 0.1863 | L1: 0.1782 | KL: 0.0008
Step   8200 | Loss: 0.1876 | L1: 0.1797 | KL: 0.0008
Step   8300 | Loss: 0.1848 | L1: 0.1768 | KL: 0.0008
Step   8400 | Loss: 0.1850 | L1: 0.1775 | KL: 0.0007
Step   8500 | Loss: 0.1823 | L1: 0.1752 | KL: 0.0007
Step   8600 | Loss: 0.1820 | L1: 0.1752 | KL: 0.0007
Step   8700 | Loss: 0.1805 | L1: 0.1743 | KL: 0.0006
Step   8800 | Loss: 0.1800 | L1: 0.1738 | KL: 0.0006
Step   8900 | Loss: 0.1813 | L1: 0.1750 | KL: 0.0006
Step   9000 | Loss: 0.1811 | L1: 0.1753 | KL: 0.0006
Step   9100 | Loss: 0.1824 | L1: 0.1765 | KL: 0.0006
Step   9200 | Loss: 0.1847 | L1: 0.1794 | KL: 0.0005
Step   9300 | Loss: 0.1795 | L1: 0.1742 | KL: 0.0005
Step   9400 | Loss: 0.1829 | L1: 0.1777 | KL: 0.0005
Step   9500 | Loss: 0.1793 | L1: 0.1743 | KL: 0.0005
Step   9600 | Loss: 0.1841 | L1: 0.1792 | KL: 0.0005
Step   9700 | Loss: 0.1812 | L1: 0.1763 | KL: 0.0005
Step   9800 | Loss: 0.1791 | L1: 0.1745 | KL: 0.0005
Step   9900 | Loss: 0.1796 | L1: 0.1753 | KL: 0.0004
Step  10000 | Loss: 0.1794 | L1: 0.1751 | KL: 0.0004
Step  10100 | Loss: 0.1829 | L1: 0.1787 | KL: 0.0004
Step  10200 | Loss: 0.1790 | L1: 0.1746 | KL: 0.0004
Step  10300 | Loss: 0.1779 | L1: 0.1738 | KL: 0.0004
Step  10400 | Loss: 0.1815 | L1: 0.1762 | KL: 0.0005
Step  10500 | Loss: 0.1833 | L1: 0.1795 | KL: 0.0004
Step  10600 | Loss: 0.1816 | L1: 0.1778 | KL: 0.0004
Step  10700 | Loss: 0.1772 | L1: 0.1739 | KL: 0.0003
Step  10800 | Loss: 0.1762 | L1: 0.1728 | KL: 0.0003
Step  10900 | Loss: 0.1772 | L1: 0.1738 | KL: 0.0003
Step  11000 | Loss: 0.1761 | L1: 0.1730 | KL: 0.0003
Step  11100 | Loss: 0.1777 | L1: 0.1745 | KL: 0.0003
Step  11200 | Loss: 0.1777 | L1: 0.1746 | KL: 0.0003
Step  11300 | Loss: 0.1789 | L1: 0.1753 | KL: 0.0004
Step  11400 | Loss: 0.1784 | L1: 0.1751 | KL: 0.0003
Step  11500 | Loss: 0.1757 | L1: 0.1730 | KL: 0.0003
Step  11600 | Loss: 0.1741 | L1: 0.1715 | KL: 0.0003
Step  11700 | Loss: 0.1779 | L1: 0.1753 | KL: 0.0003
Step  11800 | Loss: 0.1764 | L1: 0.1735 | KL: 0.0003
Step  11900 | Loss: 0.1761 | L1: 0.1732 | KL: 0.0003
Step  12000 | Loss: 0.1752 | L1: 0.1725 | KL: 0.0003
Step  12100 | Loss: 0.1764 | L1: 0.1735 | KL: 0.0003
Step  12200 | Loss: 0.1758 | L1: 0.1733 | KL: 0.0002
Step  12300 | Loss: 0.1765 | L1: 0.1740 | KL: 0.0002
Step  12400 | Loss: 0.1756 | L1: 0.1731 | KL: 0.0003
Step  12500 | Loss: 0.1775 | L1: 0.1748 | KL: 0.0003
Step  12600 | Loss: 0.1753 | L1: 0.1727 | KL: 0.0003
Step  12700 | Loss: 0.1755 | L1: 0.1733 | KL: 0.0002
Step  12800 | Loss: 0.1722 | L1: 0.1700 | KL: 0.0002
Step  12900 | Loss: 0.1751 | L1: 0.1729 | KL: 0.0002
Step  13000 | Loss: 0.1749 | L1: 0.1724 | KL: 0.0003
Step  13100 | Loss: 0.1769 | L1: 0.1748 | KL: 0.0002
Step  13200 | Loss: 0.1790 | L1: 0.1768 | KL: 0.0002
Step  13300 | Loss: 0.1714 | L1: 0.1691 | KL: 0.0002
Step  13400 | Loss: 0.1753 | L1: 0.1730 | KL: 0.0002
Step  13500 | Loss: 0.1723 | L1: 0.1696 | KL: 0.0003
Step  13600 | Loss: 0.1735 | L1: 0.1715 | KL: 0.0002
Step  13700 | Loss: 0.1734 | L1: 0.1715 | KL: 0.0002
Step  13800 | Loss: 0.1747 | L1: 0.1726 | KL: 0.0002
Step  13900 | Loss: 0.1795 | L1: 0.1774 | KL: 0.0002
Step  14000 | Loss: 0.1764 | L1: 0.1745 | KL: 0.0002
Step  14100 | Loss: 0.1716 | L1: 0.1695 | KL: 0.0002
Step  14200 | Loss: 0.1737 | L1: 0.1717 | KL: 0.0002
Step  14300 | Loss: 0.1741 | L1: 0.1722 | KL: 0.0002
Step  14400 | Loss: 0.1771 | L1: 0.1752 | KL: 0.0002
